# JRE version: OpenJDK Runtime Environment Temurin-21.0.11+10 (21.0.11+10) (build 21.0.11+10-LTS)
# Java VM: OpenJDK 64-Bit Server VM Temurin-21.0.11+10 (21.0.11+10-LTS, mixed mode, sharing, tiered, compressed oops, compressed class ptrs, parallel gc, windows-amd64)
GC Precious Log:
 CardTable entry size: 512
 CPUs: 16 total, 16 available
 Memory: 16077M
 Large Page Support: Disabled
 NUMA Support: Disabled
 Compressed Oops: Enabled (32-bit)
 Alignments: Space 512K, Generation 512K, Heap 2M
 Heap Min Capacity: 100M
 Heap Initial Capacity: 100M
 Heap Max Capacity: 2G
 Pre-touch: Disabled
 Parallel Workers: 13
Heap:
 PSYoungGen      total 6144K, used 5666K [0x00000000d5580000, 0x00000000d6400000, 0x0000000100000000)
  eden space 3584K, 98% used [0x00000000d5580000,0x00000000d58f4d38,0x00000000d5900000)
  from space 2560K, 83% used [0x00000000d5900000,0x00000000d5b13cf8,0x00000000d5b80000)
  to   space 5120K, 34% used [0x00000000d5f00000,0x00000000d60b5eb8,0x00000000d6400000)
 ParOldGen       total 370688K, used 370617K [0x0000000080000000, 0x0000000096a00000, 0x00000000d5580000)
  object space 370688K, 99% used [0x0000000080000000,0x00000000969ee7a0,0x0000000096a00000)
 Metaspace       used 61663K, committed 63040K, reserved 1114112K
  class space    used 6636K, committed 7232K, reserved 1048576K
GC Heap History (20 events):
Event: 63.494 GC heap after
{Heap after GC invocations=417 (full 3):
 PSYoungGen      total 11264K, used 3793K [0x00000000d5580000, 0x00000000d6500000, 0x0000000100000000)
  eden space 7168K, 0% used [0x00000000d5580000,0x00000000d5580000,0x00000000d5c80000)
  from space 4096K, 92% used [0x00000000d6100000,0x00000000d64b4798,0x00000000d6500000)
  to   space 4096K, 0% used [0x00000000d5d00000,0x00000000d5d00000,0x00000000d6100000)
 ParOldGen       total 330240K, used 330044K [0x0000000080000000, 0x0000000094280000, 0x00000000d5580000)
  object space 330240K, 99% used [0x0000000080000000,0x000000009424f370,0x0000000094280000)
 Metaspace       used 60169K, committed 61568K, reserved 1114112K
  class space    used 6468K, committed 7104K, reserved 1048576K
}
Event: 63.633 GC heap before
{Heap before GC invocations=418 (full 3):
 PSYoungGen      total 11264K, used 10961K [0x00000000d5580000, 0x00000000d6500000, 0x0000000100000000)
  eden space 7168K, 100% used [0x00000000d5580000,0x00000000d5c80000,0x00000000d5c80000)
  from space 4096K, 92% used [0x00000000d6100000,0x00000000d64b4798,0x00000000d6500000)
  to   space 4096K, 0% used [0x00000000d5d00000,0x00000000d5d00000,0x00000000d6100000)
 ParOldGen       total 330240K, used 330044K [0x0000000080000000, 0x0000000094280000, 0x00000000d5580000)
  object space 330240K, 99% used [0x0000000080000000,0x000000009424f370,0x0000000094280000)
 Metaspace       used 60366K, committed 61696K, reserved 1114112K
  class space    used 6495K, committed 7104K, reserved 1048576K
}
Event: 63.643 GC heap after
{Heap after GC invocations=418 (full 3):
 PSYoungGen      total 11264K, used 4077K [0x00000000d5580000, 0x00000000d6e80000, 0x0000000100000000)
  eden space 7168K, 0% used [0x00000000d5580000,0x00000000d5580000,0x00000000d5c80000)
  from space 4096K, 99% used [0x00000000d5d00000,0x00000000d60fb4f8,0x00000000d6100000)
  to   space 9216K, 0% used [0x00000000d6580000,0x00000000d6580000,0x00000000d6e80000)
 ParOldGen       total 334336K, used 334101K [0x0000000080000000, 0x0000000094680000, 0x00000000d5580000)
  object space 334336K, 99% used [0x0000000080000000,0x0000000094645730,0x0000000094680000)
 Metaspace       used 60366K, committed 61696K, reserved 1114112K
  class space    used 6495K, committed 7104K, reserved 1048576K
}
Event: 63.753 GC heap before
{Heap before GC invocations=419 (full 3):
 PSYoungGen      total 11264K, used 10742K [0x00000000d5580000, 0x00000000d6e80000, 0x0000000100000000)
  eden space 7168K, 92% used [0x00000000d5580000,0x00000000d5c02450,0x00000000d5c80000)
  from space 4096K, 99% used [0x00000000d5d00000,0x00000000d60fb4f8,0x00000000d6100000)
  to   space 9216K, 0% used [0x00000000d6580000,0x00000000d6580000,0x00000000d6e80000)
 ParOldGen       total 334336K, used 334101K [0x0000000080000000, 0x0000000094680000, 0x00000000d5580000)
  object space 334336K, 99% used [0x0000000080000000,0x0000000094645730,0x0000000094680000)
 Metaspace       used 60832K, committed 62208K, reserved 1114112K
  class space    used 6529K, committed 7168K, reserved 1048576K
}
Event: 63.764 GC heap after
{Heap after GC invocations=419 (full 3):
 PSYoungGen      total 12288K, used 4955K [0x00000000d5580000, 0x00000000d6a80000, 0x0000000100000000)
  eden space 7168K, 0% used [0x00000000d5580000,0x00000000d5580000,0x00000000d5c80000)
  from space 5120K, 96% used [0x00000000d6580000,0x00000000d6a56e60,0x00000000d6a80000)
  to   space 6144K, 0% used [0x00000000d5e80000,0x00000000d5e80000,0x00000000d6480000)
 ParOldGen       total 338432K, used 338132K [0x0000000080000000, 0x0000000094a80000, 0x00000000d5580000)
  object space 338432K, 99% used [0x0000000080000000,0x0000000094a35068,0x0000000094a80000)
 Metaspace       used 60832K, committed 62208K, reserved 1114112K
  class space    used 6529K, committed 7168K, reserved 1048576K
}
Event: 63.884 GC heap before
{Heap before GC invocations=420 (full 3):
 PSYoungGen      total 12288K, used 12123K [0x00000000d5580000, 0x00000000d6a80000, 0x0000000100000000)
  eden space 7168K, 100% used [0x00000000d5580000,0x00000000d5c80000,0x00000000d5c80000)
  from space 5120K, 96% used [0x00000000d6580000,0x00000000d6a56e60,0x00000000d6a80000)
  to   space 6144K, 0% used [0x00000000d5e80000,0x00000000d5e80000,0x00000000d6480000)
 ParOldGen       total 338432K, used 338132K [0x0000000080000000, 0x0000000094a80000, 0x00000000d5580000)
  object space 338432K, 99% used [0x0000000080000000,0x0000000094a35068,0x0000000094a80000)
 Metaspace       used 60961K, committed 62336K, reserved 1114112K
  class space    used 6540K, committed 7168K, reserved 1048576K
}
Event: 63.900 GC heap after
{Heap after GC invocations=420 (full 3):
 PSYoungGen      total 12288K, used 5019K [0x00000000d5580000, 0x00000000d6780000, 0x0000000100000000)
  eden space 7168K, 0% used [0x00000000d5580000,0x00000000d5580000,0x00000000d5c80000)
  from space 5120K, 98% used [0x00000000d5e80000,0x00000000d6366e90,0x00000000d6380000)
  to   space 4096K, 0% used [0x00000000d6380000,0x00000000d6380000,0x00000000d6780000)
 ParOldGen       total 343040K, used 342936K [0x0000000080000000, 0x0000000094f00000, 0x00000000d5580000)
  object space 343040K, 99% used [0x0000000080000000,0x0000000094ee63b8,0x0000000094f00000)
 Metaspace       used 60961K, committed 62336K, reserved 1114112K
  class space    used 6540K, committed 7168K, reserved 1048576K
}
Event: 64.007 GC heap before
{Heap before GC invocations=421 (full 3):
 PSYoungGen      total 12288K, used 12153K [0x00000000d5580000, 0x00000000d6780000, 0x0000000100000000)
  eden space 7168K, 99% used [0x00000000d5580000,0x00000000d5c77868,0x00000000d5c80000)
  from space 5120K, 98% used [0x00000000d5e80000,0x00000000d6366e90,0x00000000d6380000)
  to   space 4096K, 0% used [0x00000000d6380000,0x00000000d6380000,0x00000000d6780000)
 ParOldGen       total 343040K, used 342936K [0x0000000080000000, 0x0000000094f00000, 0x00000000d5580000)
  object space 343040K, 99% used [0x0000000080000000,0x0000000094ee63b8,0x0000000094f00000)
 Metaspace       used 61014K, committed 62464K, reserved 1114112K
  class space    used 6562K, committed 7168K, reserved 1048576K
}
Event: 64.024 GC heap after
{Heap after GC invocations=421 (full 3):
 PSYoungGen      total 10752K, used 3491K [0x00000000d5580000, 0x00000000d6700000, 0x0000000100000000)
  eden space 7168K, 0% used [0x00000000d5580000,0x00000000d5580000,0x00000000d5c80000)
  from space 3584K, 97% used [0x00000000d6380000,0x00000000d66e8c58,0x00000000d6700000)
  to   space 4096K, 0% used [0x00000000d5f00000,0x00000000d5f00000,0x00000000d6300000)
 ParOldGen       total 348160K, used 347793K [0x0000000080000000, 0x0000000095400000, 0x00000000d5580000)
  object space 348160K, 99% used [0x0000000080000000,0x00000000953a4708,0x0000000095400000)
 Metaspace       used 61014K, committed 62464K, reserved 1114112K
  class space    used 6562K, committed 7168K, reserved 1048576K
}
Event: 64.114 GC heap before
{Heap before GC invocations=422 (full 3):
 PSYoungGen      total 10752K, used 10628K [0x00000000d5580000, 0x00000000d6700000, 0x0000000100000000)
  eden space 7168K, 99% used [0x00000000d5580000,0x00000000d5c783b0,0x00000000d5c80000)
  from space 3584K, 97% used [0x00000000d6380000,0x00000000d66e8c58,0x00000000d6700000)
  to   space 4096K, 0% used [0x00000000d5f00000,0x00000000d5f00000,0x00000000d6300000)
 ParOldGen       total 348160K, used 347793K [0x0000000080000000, 0x0000000095400000, 0x00000000d5580000)
  object space 348160K, 99% used [0x0000000080000000,0x00000000953a4708,0x0000000095400000)
 Metaspace       used 61084K, committed 62528K, reserved 1114112K
  class space    used 6578K, committed 7232K, reserved 1048576K
}
Event: 64.128 GC heap after
{Heap after GC invocations=422 (full 3):
 PSYoungGen      total 11264K, used 4087K [0x00000000d5580000, 0x00000000d6d80000, 0x0000000100000000)
  eden space 7168K, 0% used [0x00000000d5580000,0x00000000d5580000,0x00000000d5c80000)
  from space 4096K, 99% used [0x00000000d5f00000,0x00000000d62fdda8,0x00000000d6300000)
  to   space 8704K, 0% used [0x00000000d6500000,0x00000000d6500000,0x00000000d6d80000)
 ParOldGen       total 351744K, used 351324K [0x0000000080000000, 0x0000000095780000, 0x00000000d5580000)
  object space 351744K, 99% used [0x0000000080000000,0x0000000095717198,0x0000000095780000)
 Metaspace       used 61084K, committed 62528K, reserved 1114112K
  class space    used 6578K, committed 7232K, reserved 1048576K
}
Event: 64.234 GC heap before
{Heap before GC invocations=423 (full 3):
 PSYoungGen      total 11264K, used 10481K [0x00000000d5580000, 0x00000000d6d80000, 0x0000000100000000)
  eden space 7168K, 89% used [0x00000000d5580000,0x00000000d5bbe768,0x00000000d5c80000)
  from space 4096K, 99% used [0x00000000d5f00000,0x00000000d62fdda8,0x00000000d6300000)
  to   space 8704K, 0% used [0x00000000d6500000,0x00000000d6500000,0x00000000d6d80000)
 ParOldGen       total 351744K, used 351324K [0x0000000080000000, 0x0000000095780000, 0x00000000d5580000)
  object space 351744K, 99% used [0x0000000080000000,0x0000000095717198,0x0000000095780000)
 Metaspace       used 61174K, committed 62656K, reserved 1114112K
  class space    used 6590K, committed 7232K, reserved 1048576K
}
Event: 64.247 GC heap after
{Heap after GC invocations=423 (full 3):
 PSYoungGen      total 11264K, used 4067K [0x00000000d5580000, 0x00000000d6900000, 0x0000000100000000)
  eden space 7168K, 0% used [0x00000000d5580000,0x00000000d5580000,0x00000000d5c80000)
  from space 4096K, 99% used [0x00000000d6500000,0x00000000d68f8dd8,0x00000000d6900000)
  to   space 5632K, 0% used [0x00000000d5e00000,0x00000000d5e00000,0x00000000d6380000)
 ParOldGen       total 355840K, used 355347K [0x0000000080000000, 0x0000000095b80000, 0x00000000d5580000)
  object space 355840K, 99% used [0x0000000080000000,0x0000000095b04f30,0x0000000095b80000)
 Metaspace       used 61174K, committed 62656K, reserved 1114112K
  class space    used 6590K, committed 7232K, reserved 1048576K
}
Event: 64.374 GC heap before
{Heap before GC invocations=424 (full 3):
 PSYoungGen      total 11264K, used 11235K [0x00000000d5580000, 0x00000000d6900000, 0x0000000100000000)
  eden space 7168K, 100% used [0x00000000d5580000,0x00000000d5c80000,0x00000000d5c80000)
  from space 4096K, 99% used [0x00000000d6500000,0x00000000d68f8dd8,0x00000000d6900000)
  to   space 5632K, 0% used [0x00000000d5e00000,0x00000000d5e00000,0x00000000d6380000)
 ParOldGen       total 355840K, used 355347K [0x0000000080000000, 0x0000000095b80000, 0x00000000d5580000)
  object space 355840K, 99% used [0x0000000080000000,0x0000000095b04f30,0x0000000095b80000)
 Metaspace       used 61346K, committed 62784K, reserved 1114112K
  class space    used 6600K, committed 7232K, reserved 1048576K
}
Event: 64.388 GC heap after
{Heap after GC invocations=424 (full 3):
 PSYoungGen      total 12800K, used 5355K [0x00000000d5580000, 0x00000000d6780000, 0x0000000100000000)
  eden space 7168K, 0% used [0x00000000d5580000,0x00000000d5580000,0x00000000d5c80000)
  from space 5632K, 95% used [0x00000000d5e00000,0x00000000d633ae88,0x00000000d6380000)
  to   space 4096K, 0% used [0x00000000d6380000,0x00000000d6380000,0x00000000d6780000)
 ParOldGen       total 359424K, used 359212K [0x0000000080000000, 0x0000000095f00000, 0x00000000d5580000)
  object space 359424K, 99% used [0x0000000080000000,0x0000000095ecb1e8,0x0000000095f00000)
 Metaspace       used 61346K, committed 62784K, reserved 1114112K
  class space    used 6600K, committed 7232K, reserved 1048576K
}
Event: 64.479 GC heap before
{Heap before GC invocations=425 (full 3):
 PSYoungGen      total 12800K, used 12368K [0x00000000d5580000, 0x00000000d6780000, 0x0000000100000000)
  eden space 7168K, 97% used [0x00000000d5580000,0x00000000d5c593c0,0x00000000d5c80000)
  from space 5632K, 95% used [0x00000000d5e00000,0x00000000d633ae88,0x00000000d6380000)
  to   space 4096K, 0% used [0x00000000d6380000,0x00000000d6380000,0x00000000d6780000)
 ParOldGen       total 359424K, used 359212K [0x0000000080000000, 0x0000000095f00000, 0x00000000d5580000)
  object space 359424K, 99% used [0x0000000080000000,0x0000000095ecb1e8,0x0000000095f00000)
 Metaspace       used 61539K, committed 62912K, reserved 1114112K
  class space    used 6614K, committed 7232K, reserved 1048576K
}
Event: 64.494 GC heap after
{Heap after GC invocations=425 (full 3):
 PSYoungGen      total 7680K, used 4087K [0x00000000d5580000, 0x00000000d7180000, 0x0000000100000000)
  eden space 3584K, 0% used [0x00000000d5580000,0x00000000d5580000,0x00000000d5900000)
  from space 4096K, 99% used [0x00000000d6380000,0x00000000d677dcd0,0x00000000d6780000)
  to   space 10752K, 0% used [0x00000000d5900000,0x00000000d5900000,0x00000000d6380000)
 ParOldGen       total 365056K, used 364619K [0x0000000080000000, 0x0000000096480000, 0x00000000d5580000)
  object space 365056K, 99% used [0x0000000080000000,0x0000000096412f98,0x0000000096480000)
 Metaspace       used 61539K, committed 62912K, reserved 1114112K
  class space    used 6614K, committed 7232K, reserved 1048576K
}
Event: 64.545 GC heap before
{Heap before GC invocations=426 (full 3):
 PSYoungGen      total 7680K, used 7671K [0x00000000d5580000, 0x00000000d7180000, 0x0000000100000000)
  eden space 3584K, 100% used [0x00000000d5580000,0x00000000d5900000,0x00000000d5900000)
  from space 4096K, 99% used [0x00000000d6380000,0x00000000d677dcd0,0x00000000d6780000)
  to   space 10752K, 0% used [0x00000000d5900000,0x00000000d5900000,0x00000000d6380000)
 ParOldGen       total 365056K, used 364619K [0x0000000080000000, 0x0000000096480000, 0x00000000d5580000)
  object space 365056K, 99% used [0x0000000080000000,0x0000000096412f98,0x0000000096480000)
 Metaspace       used 61614K, committed 62976K, reserved 1114112K
  class space    used 6625K, committed 7232K, reserved 1048576K
}
Event: 64.553 GC heap after
{Heap after GC invocations=426 (full 3):
 PSYoungGen      total 6144K, used 2127K [0x00000000d5580000, 0x00000000d6400000, 0x0000000100000000)
  eden space 3584K, 0% used [0x00000000d5580000,0x00000000d5580000,0x00000000d5900000)
  from space 2560K, 83% used [0x00000000d5900000,0x00000000d5b13cf8,0x00000000d5b80000)
  to   space 5120K, 0% used [0x00000000d5f00000,0x00000000d5f00000,0x00000000d6400000)
 ParOldGen       total 369152K, used 368682K [0x0000000080000000, 0x0000000096880000, 0x00000000d5580000)
  object space 369152K, 99% used [0x0000000080000000,0x000000009680ab50,0x0000000096880000)
 Metaspace       used 61614K, committed 62976K, reserved 1114112K
  class space    used 6625K, committed 7232K, reserved 1048576K
}
Event: 64.603 GC heap before
{Heap before GC invocations=427 (full 3):
 PSYoungGen      total 6144K, used 5666K [0x00000000d5580000, 0x00000000d6400000, 0x0000000100000000)
  eden space 3584K, 98% used [0x00000000d5580000,0x00000000d58f4d38,0x00000000d5900000)
  from space 2560K, 83% used [0x00000000d5900000,0x00000000d5b13cf8,0x00000000d5b80000)
  to   space 5120K, 0% used [0x00000000d5f00000,0x00000000d5f00000,0x00000000d6400000)
 ParOldGen       total 369152K, used 368682K [0x0000000080000000, 0x0000000096880000, 0x00000000d5580000)
  object space 369152K, 99% used [0x0000000080000000,0x000000009680ab50,0x0000000096880000)
 Metaspace       used 61663K, committed 63040K, reserved 1114112K
  class space    used 6636K, committed 7232K, reserved 1048576K
}

